This file contains any messages produced by compilers while
running configure, to aid debugging if configure makes a mistake.

It was created by decoding configure 1.0, which was
generated by GNU Autoconf 2.68.  Invocation command line was

  $ ./configure 

## --------- ##
## Platform. ##
## --------- ##

hostname = ubuntu
uname -m = i686
uname -r = 3.2.0-53-generic
uname -s = Linux
uname -v = #81-Ubuntu SMP Thu Aug 22 21:03:54 UTC 2013

/usr/bin/uname -p = unknown
/bin/uname -X     = unknown

/bin/arch              = unknown
/usr/bin/arch -k       = unknown
/usr/convex/getsysinfo = unknown
/usr/bin/hostinfo      = unknown
/bin/machine           = unknown
/usr/bin/oslevel       = unknown
/bin/universe          = unknown

PATH: /usr/lib/lightdm/lightdm
PATH: /usr/local/sbin
PATH: /usr/local/bin
PATH: /usr/sbin
PATH: /usr/bin
PATH: /sbin
PATH: /bin
PATH: /usr/games


## ----------- ##
## Core tests. ##
## ----------- ##

configure:2272: checking for a BSD-compatible install
configure:2340: result: /usr/bin/install -c
configure:2351: checking whether build environment is sane
configure:2401: result: yes
configure:2542: checking for a thread-safe mkdir -p
configure:2581: result: /bin/mkdir -p
configure:2594: checking for gawk
configure:2624: result: no
configure:2594: checking for mawk
configure:2610: found /usr/bin/mawk
configure:2621: result: mawk
configure:2632: checking whether make sets $(MAKE)
configure:2654: result: yes
configure:2786: checking for gcc
configure:2802: found /usr/bin/gcc
configure:2813: result: gcc
configure:3042: checking for C compiler version
configure:3051: gcc --version >&5
gcc (Ubuntu/Linaro 4.6.3-1ubuntu5) 4.6.3
Copyright (C) 2011 Free Software Foundation, Inc.
This is free software; see the source for copying conditions.  There is NO
warranty; not even for MERCHANTABILITY or FITNESS FOR A PARTICULAR PURPOSE.

configure:3062: $? = 0
configure:3051: gcc -v >&5
Using built-in specs.
COLLECT_GCC=gcc
COLLECT_LTO_WRAPPER=/usr/lib/gcc/i686-linux-gnu/4.6/lto-wrapper
Target: i686-linux-gnu
Configured with: ../src/configure -v --with-pkgversion='Ubuntu/Linaro 4.6.3-1ubuntu5' --with-bugurl=file:///usr/share/doc/gcc-4.6/README.Bugs --enable-languages=c,c++,fortran,objc,obj-c++ --prefix=/usr --program-suffix=-4.6 --enable-shared --enable-linker-build-id --with-system-zlib --libexecdir=/usr/lib --without-included-gettext --enable-threads=posix --with-gxx-include-dir=/usr/include/c++/4.6 --libdir=/usr/lib --enable-nls --with-sysroot=/ --enable-clocale=gnu --enable-libstdcxx-debug --enable-libstdcxx-time=yes --enable-gnu-unique-object --enable-plugin --enable-objc-gc --enable-targets=all --disable-werror --with-arch-32=i686 --with-tune=generic --enable-checking=release --build=i686-linux-gnu --host=i686-linux-gnu --target=i686-linux-gnu
Thread model: posix
gcc version 4.6.3 (Ubuntu/Linaro 4.6.3-1ubuntu5) 
configure:3062: $? = 0
configure:3051: gcc -V >&5
gcc: error: unrecognized option '-V'
gcc: fatal error: no input files
compilation terminated.
configure:3062: $? = 4
configure:3051: gcc -qversion >&5
gcc: error: unrecognized option '-qversion'
gcc: fatal error: no input files
compilation terminated.
configure:3062: $? = 4
configure:3082: checking whether the C compiler works
configure:3104: gcc    conftest.c  >&5
configure:3108: $? = 0
configure:3156: result: yes
configure:3159: checking for C compiler default output file name
configure:3161: result: a.out
configure:3167: checking for suffix of executables
configure:3174: gcc -o conftest    conftest.c  >&5
configure:3178: $? = 0
configure:3200: result: 
configure:3222: checking whether we are cross compiling
configure:3230: gcc -o conftest    conftest.c  >&5
configure:3234: $? = 0
configure:3241: ./conftest
configure:3245: $? = 0
configure:3260: result: no
configure:3265: checking for suffix of object files
configure:3287: gcc -c   conftest.c >&5
configure:3291: $? = 0
configure:3312: result: o
configure:3316: checking whether we are using the GNU C compiler
configure:3335: gcc -c   conftest.c >&5
configure:3335: $? = 0
configure:3344: result: yes
configure:3353: checking whether gcc accepts -g
configure:3373: gcc -c -g  conftest.c >&5
configure:3373: $? = 0
configure:3414: result: yes
configure:3431: checking for gcc option to accept ISO C89
configure:3495: gcc  -c -g -O2  conftest.c >&5
configure:3495: $? = 0
configure:3508: result: none needed
configure:3539: checking for style of include used by make
configure:3567: result: GNU
configure:3593: checking dependency style of gcc
configure:3704: result: gcc3
configure:3729: checking how to run the C preprocessor
configure:3760: gcc -E  conftest.c
configure:3760: $? = 0
configure:3774: gcc -E  conftest.c
conftest.c:11:28: fatal error: ac_nonexistent.h: No such file or directory
compilation terminated.
configure:3774: $? = 1
configure: failed program was:
| /* confdefs.h */
| #define PACKAGE_NAME "decoding"
| #define PACKAGE_TARNAME "decoding"
| #define PACKAGE_VERSION "1.0"
| #define PACKAGE_STRING "decoding 1.0"
| #define PACKAGE_BUGREPORT "gongwan33@126.com"
| #define PACKAGE_URL ""
| #define PACKAGE "decoding"
| #define VERSION "1.0"
| /* end confdefs.h.  */
| #include <ac_nonexistent.h>
configure:3799: result: gcc -E
configure:3819: gcc -E  conftest.c
configure:3819: $? = 0
configure:3833: gcc -E  conftest.c
conftest.c:11:28: fatal error: ac_nonexistent.h: No such file or directory
compilation terminated.
configure:3833: $? = 1
configure: failed program was:
| /* confdefs.h */
| #define PACKAGE_NAME "decoding"
| #define PACKAGE_TARNAME "decoding"
| #define PACKAGE_VERSION "1.0"
| #define PACKAGE_STRING "decoding 1.0"
| #define PACKAGE_BUGREPORT "gongwan33@126.com"
| #define PACKAGE_URL ""
| #define PACKAGE "decoding"
| #define VERSION "1.0"
| /* end confdefs.h.  */
| #include <ac_nonexistent.h>
configure:3862: checking for grep that handles long lines and -e
configure:3920: result: /bin/grep
configure:3925: checking for egrep
configure:3987: result: /bin/grep -E
configure:3992: checking for ANSI C header files
configure:4012: gcc -c -g -O2  conftest.c >&5
configure:4012: $? = 0
configure:4085: gcc -o conftest -g -O2   conftest.c  >&5
configure:4085: $? = 0
configure:4085: ./conftest
configure:4085: $? = 0
configure:4096: result: yes
configure:4109: checking for sys/types.h
configure:4109: gcc -c -g -O2  conftest.c >&5
configure:4109: $? = 0
configure:4109: result: yes
configure:4109: checking for sys/stat.h
configure:4109: gcc -c -g -O2  conftest.c >&5
configure:4109: $? = 0
configure:4109: result: yes
configure:4109: checking for stdlib.h
configure:4109: gcc -c -g -O2  conftest.c >&5
configure:4109: $? = 0
configure:4109: result: yes
configure:4109: checking for string.h
configure:4109: gcc -c -g -O2  conftest.c >&5
configure:4109: $? = 0
configure:4109: result: yes
configure:4109: checking for memory.h
configure:4109: gcc -c -g -O2  conftest.c >&5
configure:4109: $? = 0
configure:4109: result: yes
configure:4109: checking for strings.h
configure:4109: gcc -c -g -O2  conftest.c >&5
configure:4109: $? = 0
configure:4109: result: yes
configure:4109: checking for inttypes.h
configure:4109: gcc -c -g -O2  conftest.c >&5
configure:4109: $? = 0
configure:4109: result: yes
configure:4109: checking for stdint.h
configure:4109: gcc -c -g -O2  conftest.c >&5
configure:4109: $? = 0
configure:4109: result: yes
configure:4109: checking for unistd.h
configure:4109: gcc -c -g -O2  conftest.c >&5
configure:4109: $? = 0
configure:4109: result: yes
configure:4124: checking fcntl.h usability
configure:4124: gcc -c -g -O2  conftest.c >&5
configure:4124: $? = 0
configure:4124: result: yes
configure:4124: checking fcntl.h presence
configure:4124: gcc -E  conftest.c
configure:4124: $? = 0
configure:4124: result: yes
configure:4124: checking for fcntl.h
configure:4124: result: yes
configure:4124: checking for stdlib.h
configure:4124: result: yes
configure:4124: checking for string.h
configure:4124: result: yes
configure:4124: checking sys/ioctl.h usability
configure:4124: gcc -c -g -O2  conftest.c >&5
configure:4124: $? = 0
configure:4124: result: yes
configure:4124: checking sys/ioctl.h presence
configure:4124: gcc -E  conftest.c
configure:4124: $? = 0
configure:4124: result: yes
configure:4124: checking for sys/ioctl.h
configure:4124: result: yes
configure:4124: checking sys/time.h usability
configure:4124: gcc -c -g -O2  conftest.c >&5
configure:4124: $? = 0
configure:4124: result: yes
configure:4124: checking sys/time.h presence
configure:4124: gcc -E  conftest.c
configure:4124: $? = 0
configure:4124: result: yes
configure:4124: checking for sys/time.h
configure:4124: result: yes
configure:4124: checking for unistd.h
configure:4124: result: yes
configure:4136: checking for size_t
configure:4136: gcc -c -g -O2  conftest.c >&5
configure:4136: $? = 0
configure:4136: gcc -c -g -O2  conftest.c >&5
conftest.c: In function 'main':
conftest.c:63:21: error: expected expression before ')' token
configure:4136: $? = 1
configure: failed program was:
| /* confdefs.h */
| #define PACKAGE_NAME "decoding"
| #define PACKAGE_TARNAME "decoding"
| #define PACKAGE_VERSION "1.0"
| #define PACKAGE_STRING "decoding 1.0"
| #define PACKAGE_BUGREPORT "gongwan33@126.com"
| #define PACKAGE_URL ""
| #define PACKAGE "decoding"
| #define VERSION "1.0"
| #define STDC_HEADERS 1
| #define HAVE_SYS_TYPES_H 1
| #define HAVE_SYS_STAT_H 1
| #define HAVE_STDLIB_H 1
| #define HAVE_STRING_H 1
| #define HAVE_MEMORY_H 1
| #define HAVE_STRINGS_H 1
| #define HAVE_INTTYPES_H 1
| #define HAVE_STDINT_H 1
| #define HAVE_UNISTD_H 1
| #define HAVE_FCNTL_H 1
| #define HAVE_STDLIB_H 1
| #define HAVE_STRING_H 1
| #define HAVE_SYS_IOCTL_H 1
| #define HAVE_SYS_TIME_H 1
| #define HAVE_UNISTD_H 1
| /* end confdefs.h.  */
| #include <stdio.h>
| #ifdef HAVE_SYS_TYPES_H
| # include <sys/types.h>
| #endif
| #ifdef HAVE_SYS_STAT_H
| # include <sys/stat.h>
| #endif
| #ifdef STDC_HEADERS
| # include <stdlib.h>
| # include <stddef.h>
| #else
| # ifdef HAVE_STDLIB_H
| #  include <stdlib.h>
| # endif
| #endif
| #ifdef HAVE_STRING_H
| # if !defined STDC_HEADERS && defined HAVE_MEMORY_H
| #  include <memory.h>
| # endif
| # include <string.h>
| #endif
| #ifdef HAVE_STRINGS_H
| # include <strings.h>
| #endif
| #ifdef HAVE_INTTYPES_H
| # include <inttypes.h>
| #endif
| #ifdef HAVE_STDINT_H
| # include <stdint.h>
| #endif
| #ifdef HAVE_UNISTD_H
| # include <unistd.h>
| #endif
| int
| main ()
| {
| if (sizeof ((size_t)))
| 	    return 0;
|   ;
|   return 0;
| }
configure:4136: result: yes
configure:4147: checking for uint8_t
configure:4147: gcc -c -g -O2  conftest.c >&5
configure:4147: $? = 0
configure:4147: result: yes
configure:4169: checking for stdlib.h
configure:4169: result: yes
configure:4169: checking for unistd.h
configure:4169: result: yes
configure:4169: checking for sys/param.h
configure:4169: gcc -c -g -O2  conftest.c >&5
configure:4169: $? = 0
configure:4169: result: yes
configure:4189: checking for getpagesize
configure:4189: gcc -o conftest -g -O2   conftest.c  >&5
configure:4189: $? = 0
configure:4189: result: yes
configure:4198: checking for working mmap
configure:4345: gcc -o conftest -g -O2   conftest.c  >&5
configure:4345: $? = 0
configure:4345: ./conftest
configure:4345: $? = 0
configure:4355: result: yes
configure:4367: checking for memmove
configure:4367: gcc -o conftest -g -O2   conftest.c  >&5
conftest.c:55:6: warning: conflicting types for built-in function 'memmove' [enabled by default]
configure:4367: $? = 0
configure:4367: result: yes
configure:4367: checking for memset
configure:4367: gcc -o conftest -g -O2   conftest.c  >&5
conftest.c:56:6: warning: conflicting types for built-in function 'memset' [enabled by default]
configure:4367: $? = 0
configure:4367: result: yes
configure:4367: checking for munmap
configure:4367: gcc -o conftest -g -O2   conftest.c  >&5
configure:4367: $? = 0
configure:4367: result: yes
configure:4545: creating ./config.status

## ---------------------- ##
## Running config.status. ##
## ---------------------- ##

This file was extended by decoding config.status 1.0, which was
generated by GNU Autoconf 2.68.  Invocation command line was

  CONFIG_FILES    = 
  CONFIG_HEADERS  = 
  CONFIG_LINKS    = 
  CONFIG_COMMANDS = 
  $ ./config.status 

on ubuntu

config.status:786: creating Makefile
config.status:958: executing depfiles commands

## ---------------- ##
## Cache variables. ##
## ---------------- ##

ac_cv_c_compiler_gnu=yes
ac_cv_c_uint8_t=yes
ac_cv_env_CC_set=
ac_cv_env_CC_value=
ac_cv_env_CFLAGS_set=
ac_cv_env_CFLAGS_value=
ac_cv_env_CPPFLAGS_set=
ac_cv_env_CPPFLAGS_value=
ac_cv_env_CPP_set=
ac_cv_env_CPP_value=
ac_cv_env_LDFLAGS_set=
ac_cv_env_LDFLAGS_value=
ac_cv_env_LIBS_set=
ac_cv_env_LIBS_value=
ac_cv_env_build_alias_set=
ac_cv_env_build_alias_value=
ac_cv_env_host_alias_set=
ac_cv_env_host_alias_value=
ac_cv_env_target_alias_set=
ac_cv_env_target_alias_value=
ac_cv_func_getpagesize=yes
ac_cv_func_memmove=yes
ac_cv_func_memset=yes
ac_cv_func_mmap_fixed_mapped=yes
ac_cv_func_munmap=yes
ac_cv_header_fcntl_h=yes
ac_cv_header_inttypes_h=yes
ac_cv_header_memory_h=yes
ac_cv_header_stdc=yes
ac_cv_header_stdint_h=yes
ac_cv_header_stdlib_h=yes
ac_cv_header_string_h=yes
ac_cv_header_strings_h=yes
ac_cv_header_sys_ioctl_h=yes
ac_cv_header_sys_param_h=yes
ac_cv_header_sys_stat_h=yes
ac_cv_header_sys_time_h=yes
ac_cv_header_sys_types_h=yes
ac_cv_header_unistd_h=yes
ac_cv_objext=o
ac_cv_path_EGREP='/bin/grep -E'
ac_cv_path_GREP=/bin/grep
ac_cv_path_install='/usr/bin/install -c'
ac_cv_path_mkdir=/bin/mkdir
ac_cv_prog_AWK=mawk
ac_cv_prog_CPP='gcc -E'
ac_cv_prog_ac_ct_CC=gcc
ac_cv_prog_cc_c89=
ac_cv_prog_cc_g=yes
ac_cv_prog_make_make_set=yes
ac_cv_type_size_t=yes
am_cv_CC_dependencies_compiler_type=gcc3

## ----------------- ##
## Output variables. ##
## ----------------- ##

ACLOCAL='${SHELL} /home/gongwan33/decoding_h264/missing --run aclocal-1.11'
AMDEPBACKSLASH='\'
AMDEP_FALSE='#'
AMDEP_TRUE=''
AMTAR='$${TAR-tar}'
AUTOCONF='${SHELL} /home/gongwan33/decoding_h264/missing --run autoconf'
AUTOHEADER='${SHELL} /home/gongwan33/decoding_h264/missing --run autoheader'
AUTOMAKE='${SHELL} /home/gongwan33/decoding_h264/missing --run automake-1.11'
AWK='mawk'
CC='gcc'
CCDEPMODE='depmode=gcc3'
CFLAGS='-g -O2'
CPP='gcc -E'
CPPFLAGS=''
CYGPATH_W='echo'
DEFS='-DPACKAGE_NAME=\"decoding\" -DPACKAGE_TARNAME=\"decoding\" -DPACKAGE_VERSION=\"1.0\" -DPACKAGE_STRING=\"decoding\ 1.0\" -DPACKAGE_BUGREPORT=\"gongwan33@126.com\" -DPACKAGE_URL=\"\" -DPACKAGE=\"decoding\" -DVERSION=\"1.0\" -DSTDC_HEADERS=1 -DHAVE_SYS_TYPES_H=1 -DHAVE_SYS_STAT_H=1 -DHAVE_STDLIB_H=1 -DHAVE_STRING_H=1 -DHAVE_MEMORY_H=1 -DHAVE_STRINGS_H=1 -DHAVE_INTTYPES_H=1 -DHAVE_STDINT_H=1 -DHAVE_UNISTD_H=1 -DHAVE_FCNTL_H=1 -DHAVE_STDLIB_H=1 -DHAVE_STRING_H=1 -DHAVE_SYS_IOCTL_H=1 -DHAVE_SYS_TIME_H=1 -DHAVE_UNISTD_H=1 -DHAVE_STDLIB_H=1 -DHAVE_UNISTD_H=1 -DHAVE_SYS_PARAM_H=1 -DHAVE_GETPAGESIZE=1 -DHAVE_MMAP=1 -DHAVE_MEMMOVE=1 -DHAVE_MEMSET=1 -DHAVE_MUNMAP=1'
DEPDIR='.deps'
ECHO_C=''
ECHO_N='-n'
ECHO_T=''
EGREP='/bin/grep -E'
EXEEXT=''
GREP='/bin/grep'
INSTALL_DATA='${INSTALL} -m 644'
INSTALL_PROGRAM='${INSTALL}'
INSTALL_SCRIPT='${INSTALL}'
INSTALL_STRIP_PROGRAM='$(install_sh) -c -s'
LDFLAGS=''
LIBOBJS=''
LIBS=''
LTLIBOBJS=''
MAKEINFO='${SHELL} /home/gongwan33/decoding_h264/missing --run makeinfo'
MKDIR_P='/bin/mkdir -p'
OBJEXT='o'
PACKAGE='decoding'
PACKAGE_BUGREPORT='gongwan33@126.com'
PACKAGE_NAME='decoding'
PACKAGE_STRING='decoding 1.0'
PACKAGE_TARNAME='decoding'
PACKAGE_URL=''
PACKAGE_VERSION='1.0'
PATH_SEPARATOR=':'
SET_MAKE=''
SHELL='/bin/bash'
STRIP=''
VERSION='1.0'
ac_ct_CC='gcc'
am__EXEEXT_FALSE=''
am__EXEEXT_TRUE='#'
am__fastdepCC_FALSE='#'
am__fastdepCC_TRUE=''
am__include='include'
am__isrc=''
am__leading_dot='.'
am__nodep='_no'
am__quote=''
am__tar='$${TAR-tar} chof - "$$tardir"'
am__untar='$${TAR-tar} xf -'
bindir='${exec_prefix}/bin'
build_alias=''
datadir='${datarootdir}'
datarootdir='${prefix}/share'
docdir='${datarootdir}/doc/${PACKAGE_TARNAME}'
dvidir='${docdir}'
exec_prefix='${prefix}'
host_alias=''
htmldir='${docdir}'
includedir='${prefix}/include'
infodir='${datarootdir}/info'
install_sh='${SHELL} /home/gongwan33/decoding_h264/install-sh'
libdir='${exec_prefix}/lib'
libexecdir='${exec_prefix}/libexec'
localedir='${datarootdir}/locale'
localstatedir='${prefix}/var'
mandir='${datarootdir}/man'
mkdir_p='/bin/mkdir -p'
oldincludedir='/usr/include'
pdfdir='${docdir}'
prefix='/usr/local'
program_transform_name='s,x,x,'
psdir='${docdir}'
sbindir='${exec_prefix}/sbin'
sharedstatedir='${prefix}/com'
sysconfdir='${prefix}/etc'
target_alias=''

## ----------- ##
## confdefs.h. ##
## ----------- ##

/* confdefs.h */
#define PACKAGE_NAME "decoding"
#define PACKAGE_TARNAME "decoding"
#define PACKAGE_VERSION "1.0"
#define PACKAGE_STRING "decoding 1.0"
#define PACKAGE_BUGREPORT "gongwan33@126.com"
#define PACKAGE_URL ""
#define PACKAGE "decoding"
#define VERSION "1.0"
#define STDC_HEADERS 1
#define HAVE_SYS_TYPES_H 1
#define HAVE_SYS_STAT_H 1
#define HAVE_STDLIB_H 1
#define HAVE_STRING_H 1
#define HAVE_MEMORY_H 1
#define HAVE_STRINGS_H 1
#define HAVE_INTTYPES_H 1
#define HAVE_STDINT_H 1
#define HAVE_UNISTD_H 1
#define HAVE_FCNTL_H 1
#define HAVE_STDLIB_H 1
#define HAVE_STRING_H 1
#define HAVE_SYS_IOCTL_H 1
#define HAVE_SYS_TIME_H 1
#define HAVE_UNISTD_H 1
#define HAVE_STDLIB_H 1
#define HAVE_UNISTD_H 1
#define HAVE_SYS_PARAM_H 1
#define HAVE_GETPAGESIZE 1
#define HAVE_MMAP 1
#define HAVE_MEMMOVE 1
#define HAVE_MEMSET 1
#define HAVE_MUNMAP 1

configure: exit 0

## ---------------------- ##
## Running config.status. ##
## ---------------------- ##

This file was extended by decoding config.status 1.0, which was
generated by GNU Autoconf 2.68.  Invocation command line was

  CONFIG_FILES    = 
  CONFIG_HEADERS  = 
  CONFIG_LINKS    = 
  CONFIG_COMMANDS = 
  $ ./config.status Makefile depfiles

on ubuntu

config.status:786: creating Makefile
config.status:958: executing depfiles commands
